<?xml version="1.0" encoding="UTF-8"?>
<testsuite name="DoctorTest" tests="9" skipped="0" failures="0" errors="0" timestamp="2016-09-20T23:48:17" hostname="epicodus-10.local" time="0.199">
  <properties/>
  <testcase name="Doctor_instantiatesWithSpeciality_String" classname="DoctorTest" time="0.079"/>
  <testcase name="equals_returnsTrueIfNamesAretheSame" classname="DoctorTest" time="0.006"/>
  <testcase name="find_returnsDoctorWithSameId_secondDoctor" classname="DoctorTest" time="0.043"/>
  <testcase name="getId_doctorsInstantiateWithAnId_1" classname="DoctorTest" time="0.01"/>
  <testcase name="Doctor_instantiatesCorrectly_true" classname="DoctorTest" time="0.005"/>
  <testcase name="save_savesIntoDatabase_true" classname="DoctorTest" time="0.015"/>
  <testcase name="save_assignsIdToObject" classname="DoctorTest" time="0.014"/>
  <testcase name="Doctor_instantiatesWithName_String" classname="DoctorTest" time="0.006"/>
  <testcase name="all_returnsAllInstancesOfDoctor_true" classname="DoctorTest" time="0.021"/>
  <system-out><![CDATA[]]></system-out>
  <system-err><![CDATA[]]></system-err>
</testsuite>
