<?xml version="1.0" encoding="UTF-8"?>
<testsuite name="PatientTest" tests="10" skipped="0" failures="0" errors="0" timestamp="2016-09-20T23:48:17" hostname="epicodus-10.local" time="0.118">
  <properties/>
  <testcase name="equals_returnsTrueIfDescriptionsAretheSame" classname="PatientTest" time="0.023"/>
  <testcase name="Patient_instantiatesWithDoctor_int" classname="PatientTest" time="0.004"/>
  <testcase name="save_returnsTrueIfDescriptionsAretheSame" classname="PatientTest" time="0.014"/>
  <testcase name="Patient_instantiatesWithIllness_String" classname="PatientTest" time="0.004"/>
  <testcase name="Patient_instantiatesWithName_String" classname="PatientTest" time="0.004"/>
  <testcase name="Patient_instantiatesWithId" classname="PatientTest" time="0.011"/>
  <testcase name="Patient_instantiatesCorrectly_true" classname="PatientTest" time="0.006"/>
  <testcase name="save_assignsIdToObject" classname="PatientTest" time="0.014"/>
  <testcase name="save_savesDoctorIdIntoDB_true" classname="PatientTest" time="0.017"/>
  <testcase name="find_returnsPatientWithSameId_secondPatient" classname="PatientTest" time="0.021"/>
  <system-out><![CDATA[]]></system-out>
  <system-err><![CDATA[]]></system-err>
</testsuite>
